2021-03-14 19:53:53,006 DEBUG log_decorator Функция make_auth_server_msg была вызвана из функции setUpClass
2021-03-14 19:54:37,692 DEBUG log_decorator Функция run_server была вызвана из функции invoke
2021-03-14 19:54:40,435 DEBUG log_decorator Функция run_client была вызвана из функции invoke
2021-03-14 19:54:40,439 DEBUG log_decorator Функция make_auth_message была вызвана из функции run_client
2021-03-14 19:54:40,443 DEBUG log_decorator Функция make_auth_server_msg была вызвана из функции run_server
2021-03-14 19:54:40,446 DEBUG log_decorator Функция make_presence_message была вызвана из функции run_client
2021-03-14 19:54:45,450 DEBUG log_decorator Функция make_quit_message была вызвана из функции run_client
2021-03-14 19:55:31,172 DEBUG log_decorator Функция run_server была вызвана из функции invoke
2021-03-14 19:55:36,349 DEBUG log_decorator Функция run_client была вызвана из функции invoke
2021-03-14 19:55:36,354 DEBUG log_decorator Функция make_auth_message была вызвана из функции run_client
2021-03-14 19:55:36,357 DEBUG log_decorator Функция make_auth_server_msg была вызвана из функции run_server
2021-03-14 19:55:36,361 DEBUG log_decorator Функция make_presence_message была вызвана из функции run_client
2021-03-14 19:55:41,365 DEBUG log_decorator Функция make_quit_message была вызвана из функции run_client
2021-03-14 19:55:56,137 DEBUG log_decorator Функция run_client была вызвана из функции invoke
2021-03-14 19:55:56,141 DEBUG log_decorator Функция make_auth_message была вызвана из функции run_client
2021-03-14 19:55:56,145 DEBUG log_decorator Функция make_auth_server_msg была вызвана из функции run_server
2021-03-14 19:55:56,149 DEBUG log_decorator Функция make_presence_message была вызвана из функции run_client
2021-03-14 19:56:01,151 DEBUG log_decorator Функция make_quit_message была вызвана из функции run_client
2021-03-14 19:57:23,396 DEBUG log_decorator_config Функция run_client была вызвана из функции invoke
2021-03-14 19:57:23,401 DEBUG log_decorator_config Функция make_auth_message была вызвана из функции run_client
2021-03-14 19:57:23,409 DEBUG log_decorator Функция make_auth_server_msg была вызвана из функции run_server
2021-03-14 19:57:23,412 DEBUG log_decorator_config Функция make_presence_message была вызвана из функции run_client
2021-03-14 19:57:28,415 DEBUG log_decorator_config Функция make_quit_message была вызвана из функции run_client
2021-03-14 19:58:53,920 DEBUG log_decorator_config Функция run_client была вызвана из функции invoke
2021-03-14 19:58:53,924 DEBUG log_decorator_config Функция make_auth_message была вызвана из функции run_client
2021-03-14 19:58:53,928 DEBUG log_decorator Функция make_auth_server_msg была вызвана из функции run_server
2021-03-14 19:58:53,932 DEBUG log_decorator_config Функция make_presence_message была вызвана из функции run_client
2021-03-14 19:58:58,934 DEBUG log_decorator_config Функция make_quit_message была вызвана из функции run_client
2021-03-14 19:59:07,492 DEBUG log_decorator_config Функция run_client была вызвана из функции invoke
2021-03-14 19:59:07,497 DEBUG log_decorator_config Функция make_auth_message была вызвана из функции run_client
2021-03-14 19:59:07,501 DEBUG log_decorator Функция make_auth_server_msg была вызвана из функции run_server
2021-03-14 19:59:07,504 DEBUG log_decorator_config Функция make_presence_message была вызвана из функции run_client
2021-03-14 19:59:12,507 DEBUG log_decorator_config Функция make_quit_message была вызвана из функции run_client
2021-03-14 19:59:15,525 DEBUG log_decorator_config Функция run_client была вызвана из функции invoke
2021-03-14 19:59:15,530 DEBUG log_decorator_config Функция make_auth_message была вызвана из функции run_client
2021-03-14 19:59:15,533 DEBUG log_decorator Функция make_auth_server_msg была вызвана из функции run_server
2021-03-14 19:59:15,537 DEBUG log_decorator_config Функция make_presence_message была вызвана из функции run_client
2021-03-14 19:59:20,540 DEBUG log_decorator_config Функция make_quit_message была вызвана из функции run_client
